<?xml version="1.0" encoding="UTF-8"?>
<!-- Generated by org.testng.reporters.JUnitReportReporter -->
<testsuite hostname="DESKTOP-U312EML" failures="0" tests="2" name="course360.AppiumTest" time="0.020" errors="0" timestamp="05 Oct 2019 15:59:51 GMT" skipped="0">
  <testcase classname="course360.AppiumTest" name="hybridapp" time="0.020"/>
  <testcase classname="course360.AppiumTest" name="nativeapp" time="0.000"/>
</testsuite> <!-- course360.AppiumTest -->
