<?xml version="1.0" encoding="UTF-8"?>
<!-- Generated by org.testng.reporters.JUnitReportReporter -->
<testsuite hostname="DESKTOP-U312EML" failures="0" tests="2" name="course360.SeleniumTest" time="0.012" errors="0" timestamp="05 Oct 2019 15:59:51 GMT" skipped="0">
  <testcase classname="course360.SeleniumTest" name="OpenUrl" time="0.008"/>
  <testcase classname="course360.SeleniumTest" name="LaunchBrowser" time="0.004"/>
</testsuite> <!-- course360.SeleniumTest -->
