<?xml version="1.0" encoding="UTF-8"?>
<!-- Generated by org.testng.reporters.JUnitReportReporter -->
<testsuite hostname="DESKTOP-U312EML" failures="0" tests="1" name="course360.RestAPITest" time="0.000" errors="0" timestamp="05 Oct 2019 15:59:51 GMT" skipped="0">
  <testcase classname="course360.RestAPITest" name="Post" time="0.000"/>
</testsuite> <!-- course360.RestAPITest -->
